c:\users\arjun\documents\github\assignment\assignment\project1\x64\debug\project1.pch.codeanalysis
c:\users\arjun\documents\github\assignment\assignment\project1\x64\debug\vc141.pdb
c:\users\arjun\documents\github\assignment\assignment\project1\x64\debug\vc141.idb
c:\users\arjun\documents\github\assignment\assignment\project1\x64\debug\project1.pch.codeanalysisast
c:\users\arjun\documents\github\assignment\assignment\project1\x64\debug\pch.nativecodeanalysis.xml
c:\users\arjun\documents\github\assignment\assignment\project1\x64\debug\pch.obj
c:\users\arjun\documents\github\assignment\assignment\project1\x64\debug\sequence.nativecodeanalysis.xml
c:\users\arjun\documents\github\assignment\assignment\project1\x64\debug\project1.nativecodeanalysis.xml
c:\users\arjun\documents\github\assignment\assignment\project1\x64\debug\project1.obj
c:\users\arjun\documents\github\assignment\assignment\project1\x64\debug\sequence.obj
c:\users\arjun\documents\github\assignment\assignment\x64\debug\project1.ilk
c:\users\arjun\documents\github\assignment\assignment\x64\debug\project1.exe
c:\users\arjun\documents\github\assignment\assignment\x64\debug\project1.pdb
c:\users\arjun\documents\github\assignment\assignment\project1\x64\debug\nativecodeanalysis.read.1.tlog
c:\users\arjun\documents\github\assignment\assignment\project1\x64\debug\vc.nativecodeanalysis.all.xml
c:\users\arjun\documents\github\assignment\assignment\x64\debug\project1.exe.lastcodeanalysissucceeded
c:\users\arjun\documents\github\assignment\assignment\project1\x64\debug\project1.tlog\cl.command.1.tlog
c:\users\arjun\documents\github\assignment\assignment\project1\x64\debug\project1.tlog\cl.read.1.tlog
c:\users\arjun\documents\github\assignment\assignment\project1\x64\debug\project1.tlog\cl.write.1.tlog
c:\users\arjun\documents\github\assignment\assignment\project1\x64\debug\project1.tlog\link.command.1.tlog
c:\users\arjun\documents\github\assignment\assignment\project1\x64\debug\project1.tlog\link.read.1.tlog
c:\users\arjun\documents\github\assignment\assignment\project1\x64\debug\project1.tlog\link.write.1.tlog
